0 info it worked if it ends with ok
1 verbose cli [ '/usr/bin/nodejs', '/usr/bin/npm', 'build', 'node_modules' ]
2 info using npm@3.5.2
3 info using node@v4.2.6
4 info build /home/funkinfresh/coding/space-age/node_modules
5 verbose stack Error: ENOENT: no such file or directory, open '/home/funkinfresh/coding/space-age/node_modules/package.json'
5 verbose stack     at Error (native)
6 verbose cwd /home/funkinfresh/coding/space-age
7 error Linux 4.10.0-35-generic
8 error argv "/usr/bin/nodejs" "/usr/bin/npm" "build" "node_modules"
9 error node v4.2.6
10 error npm  v3.5.2
11 error path /home/funkinfresh/coding/space-age/node_modules/package.json
12 error code ENOENT
13 error errno -2
14 error syscall open
15 error enoent ENOENT: no such file or directory, open '/home/funkinfresh/coding/space-age/node_modules/package.json'
16 error enoent ENOENT: no such file or directory, open '/home/funkinfresh/coding/space-age/node_modules/package.json'
16 error enoent This is most likely not a problem with npm itself
16 error enoent and is related to npm not being able to find a file.
17 verbose exit [ -2, true ]
